<?xml version="1.0" encoding="UTF-8"?>
<!-- Generated by org.testng.reporters.JUnitXMLReporter -->
<testsuite ignored="4" hostname="mufti-awl18" failures="0" tests="3" name="WeightScale" time="28.206" errors="0" timestamp="2023-08-02T17:58:19 BDT">
  <testcase classname="ccdl.weightScale.tests.LoginTest" name="loginTest" time="10.63"/>
  <testcase classname="ccdl.weightScale.tests.AllocationNTest" name="createAllocationTest" time="3.532"/>
  <testcase classname="ccdl.weightScale.tests.AlloFormTest" name="createAllocationTest" time="10.432"/>
  <testcase classname="ccdl.weightScale.drivers.BaseDriver" name="@BeforeTest start" time="0.0">
    <ignored/>
  </testcase> <!-- @BeforeTest start -->
  <testcase classname="ccdl.weightScale.drivers.BaseDriver" name="@AfterTest close" time="0.0">
    <ignored/>
  </testcase> <!-- @AfterTest close -->
  <testcase classname="ccdl.weightScale.drivers.BaseDriver" name="@BeforeTest start" time="0.0">
    <ignored/>
  </testcase> <!-- @BeforeTest start -->
  <testcase classname="ccdl.weightScale.drivers.BaseDriver" name="@AfterTest close" time="0.0">
    <ignored/>
  </testcase> <!-- @AfterTest close -->
</testsuite> <!-- WeightScale -->
